build/app/outputs/mapping/release/mapping.txt
# compiler: R8
# compiler_version: 1.5.64
# min_api: 16
# pg_map_id: 2945beb
...
io.flutter.plugins.connectivity.ConnectivityMethodChannelHandler -> io.flutter.plugins.a.c:
    io.flutter.plugins.connectivity.Connectivity connectivity -> a
    void onMethodCall(io.flutter.plugin.common.MethodCall,io.flutter.plugin.common.MethodChannel$Result) -> a
io.flutter.plugins.connectivity.ConnectivityPlugin -> io.flutter.plugins.a.d:
    io.flutter.plugin.common.EventChannel eventChannel -> b
    io.flutter.plugin.common.MethodChannel methodChannel -> a
    void onDetachedFromEngine(io.flutter.embedding.engine.plugins.FlutterPlugin$FlutterPluginBinding) -> a
    void setupChannels(io.flutter.plugin.common.BinaryMessenger,android.content.Context) -> a
    void teardownChannels() -> a
    void onAttachedToEngine(io.flutter.embedding.engine.plugins.FlutterPlugin$FlutterPluginBinding) -> b
io.flutter.plugins.pathprovider.-$$Lambda$PathProviderPlugin$0ezgzisDVZL6-MIuOApAQeR0qIE -> io.flutter.plugins.b.a:
    io.flutter.plugins.pathprovider.PathProviderPlugin f$0 -> a
io.flutter.plugins.pathprovider.-$$Lambda$PathProviderPlugin$2AlcW75sSIWrRCKeD3XqFCfTEFg -> io.flutter.plugins.b.b:
    io.flutter.plugins.pathprovider.PathProviderPlugin f$0 -> a
io.flutter.plugins.pathprovider.-$$Lambda$PathProviderPlugin$AWDwT09UE2yjX1t-CivV8M2dsQw -> io.flutter.plugins.b.c:
    io.flutter.plugins.pathprovider.PathProviderPlugin f$0 -> a
    java.lang.String f$1 -> b
io.flutter.plugins.pathprovider.-$$Lambda$PathProviderPlugin$Jxhlq0H6YiJYZdnmNldu4VTAaZ0 -> io.flutter.plugins.b.d:
    io.flutter.plugins.pathprovider.PathProviderPlugin f$0 -> a
io.flutter.plugins.pathprovider.-$$Lambda$PathProviderPlugin$YAqYFjJ9PjraJyroxjv4wFjrsFs -> io.flutter.plugins.b.e:
    io.flutter.plugins.pathprovider.PathProviderPlugin f$0 -> a
io.flutter.plugins.pathprovider.-$$Lambda$PathProviderPlugin$fS6CedXlEI7Wn0T6xh3Q3f6VDsE -> io.flutter.plugins.b.f:
    java.util.concurrent.Callable f$1 -> b
    com.google.common.util.concurrent.SettableFuture f$0 -> a
io.flutter.plugins.pathprovider.-$$Lambda$PathProviderPlugin$tarQmy0AXgKFg8B5Aioy9praxss -> io.flutter.plugins.b.g:
    io.flutter.plugins.pathprovider.PathProviderPlugin f$0 -> a
io.flutter.plugins.pathprovider.PathProviderPlugin -> io.flutter.plugins.b.h:
    android.content.Context context -> a
    java.util.concurrent.Executor uiThreadExecutor -> c
    java.util.concurrent.Executor executor -> d
    io.flutter.plugin.common.MethodChannel channel -> b
    void executeInBackground(java.util.concurrent.Callable,io.flutter.plugin.common.MethodChannel$Result) -> a
    void lambda$executeInBackground$0(com.google.common.util.concurrent.SettableFuture,java.util.concurrent.Callable) -> a
    java.lang.String lambda$onMethodCall$1() -> a
    java.util.List lambda$onMethodCall$5(java.lang.String) -> a
    void onDetachedFromEngine(io.flutter.embedding.engine.plugins.FlutterPlugin$FlutterPluginBinding) -> a
    void onMethodCall(io.flutter.plugin.common.MethodCall,io.flutter.plugin.common.MethodChannel$Result) -> a
    java.util.List getPathProviderExternalStorageDirectories(java.lang.String) -> b
    java.lang.String lambda$onMethodCall$2() -> b
    void onAttachedToEngine(io.flutter.embedding.engine.plugins.FlutterPlugin$FlutterPluginBinding) -> b
    java.lang.String lambda$onMethodCall$3() -> c
    java.util.List lambda$onMethodCall$4() -> d
    java.lang.String lambda$onMethodCall$6() -> e
    java.lang.String getApplicationSupportDirectory() -> f
    java.lang.String getPathProviderApplicationDocumentsDirectory() -> g
    java.util.List getPathProviderExternalCacheDirectories() -> h
    java.lang.String getPathProviderStorageDirectory() -> i
io.flutter.plugins.pathprovider.PathProviderPlugin$1 -> io.flutter.plugins.b.h$a:
    io.flutter.plugin.common.MethodChannel$Result val$result -> a
    void onFailure(java.lang.Throwable) -> a
    void onSuccess(java.lang.Object) -> a
io.flutter.plugins.pathprovider.PathProviderPlugin$UiThreadExecutor -> io.flutter.plugins.b.h$b:
    android.os.Handler handler -> a